  
NAME = lilin

function anonymous(
) {
const fcondition3 = function anonymous(
) {
return process?.name;
};
const fcondition2 = function anonymous(
) {
return this?.p1?.name === this?.p2?.name;
};
const fcondition1 = function anonymous(
) {
return 0;
};

                const fcondition0 = function anonymous(
) {
return 123;
};
                if (fcondition0.call(this)) {
                    return `
    AGE = 29
    SEX = MAN
    LIKE{eat} = shit
`;
                }
            
                else if (fcondition1.call(this)) {
                    return `    base = http://a.com`;
                }
            
                else if (fcondition2.call(this)) {
                    return `    base = http://b.com`;
                }
            
                else if (fcondition3.call(this)) {
                    return `    base = http://c.com`;
                }
            
}

TEST = 1


function anonymous(
) {

                const fcondition5 = function anonymous(
) {
return 123;
};
                if (fcondition5.call(this)) {
                    return `
    check = 1
`;
                }
            
                else {
                    return `    check = 0
`;
                }
            
}

